2025-05-12 17:43:37,080 - __main__ - INFO - Starting email processing...
2025-05-12 17:43:37,082 - googleapiclient.discovery_cache - INFO - file_cache is only supported with oauth2client<4.0.0
2025-05-12 17:43:37,084 - __main__ - INFO - Looking for label: apply
2025-05-12 17:43:37,285 - __main__ - INFO - Fetching messages with query: after:2025-02-18
2025-05-12 17:43:37,529 - __main__ - INFO - Found 113 messages to process
2025-05-12 17:43:37,529 - __main__ - INFO - Processing 113 messages...
2025-05-12 17:43:37,631 - __main__ - ERROR - Error getting message details: [SSL: WRONG_VERSION_NUMBER] wrong version number (_ssl.c:2633)
2025-05-12 17:43:37,643 - __main__ - ERROR - Error getting message details: [SSL: WRONG_VERSION_NUMBER] wrong version number (_ssl.c:2633)
2025-05-12 17:43:37,643 - __main__ - ERROR - Error getting message details: [SSL: WRONG_VERSION_NUMBER] wrong version number (_ssl.c:2633)
2025-05-12 17:43:37,651 - __main__ - ERROR - Error getting message details: [SSL: WRONG_VERSION_NUMBER] wrong version number (_ssl.c:2633)
2025-05-12 17:43:38,012 - __main__ - ERROR - Error getting message details: [SSL: DECRYPTION_FAILED_OR_BAD_RECORD_MAC] decryption failed or bad record mac (_ssl.c:2633)
2025-05-12 17:43:38,012 - __main__ - ERROR - Error getting message details: [SSL: DECRYPTION_FAILED_OR_BAD_RECORD_MAC] decryption failed or bad record mac (_ssl.c:2633)
2025-05-12 17:43:38,298 - __main__ - ERROR - Error getting message details: [SSL: WRONG_VERSION_NUMBER] wrong version number (_ssl.c:2633)
2025-05-12 17:43:38,298 - __main__ - ERROR - Error getting message details: [SSL: WRONG_VERSION_NUMBER] wrong version number (_ssl.c:2633)
2025-05-12 17:43:38,598 - __main__ - ERROR - Error getting message details: [SSL: WRONG_VERSION_NUMBER] wrong version number (_ssl.c:2633)
2025-05-12 17:43:38,599 - __main__ - ERROR - Error getting message details: [SSL: WRONG_VERSION_NUMBER] wrong version number (_ssl.c:2633)
2025-05-12 17:43:38,925 - __main__ - ERROR - Error getting message details: [SSL: DECRYPTION_FAILED_OR_BAD_RECORD_MAC] decryption failed or bad record mac (_ssl.c:2633)
2025-05-12 17:43:39,234 - __main__ - ERROR - Error getting message details: [SSL: DECRYPTION_FAILED_OR_BAD_RECORD_MAC] decryption failed or bad record mac (_ssl.c:2633)
2025-05-12 17:43:39,234 - __main__ - ERROR - Error getting message details: [SSL: DECRYPTION_FAILED_OR_BAD_RECORD_MAC] decryption failed or bad record mac (_ssl.c:2633)
2025-05-12 17:43:39,579 - __main__ - ERROR - Error getting message details: [SSL: WRONG_VERSION_NUMBER] wrong version number (_ssl.c:2633)
2025-05-12 17:43:39,579 - __main__ - ERROR - Error getting message details: [SSL: WRONG_VERSION_NUMBER] wrong version number (_ssl.c:2633)
2025-05-12 17:43:39,897 - __main__ - ERROR - Error getting message details: [SSL: WRONG_VERSION_NUMBER] wrong version number (_ssl.c:2633)
2025-05-12 17:43:40,197 - __main__ - ERROR - Error getting message details: [SSL: WRONG_VERSION_NUMBER] wrong version number (_ssl.c:2633)
2025-05-12 17:43:40,210 - __main__ - ERROR - Error getting message details: [SSL: WRONG_VERSION_NUMBER] wrong version number (_ssl.c:2633)
2025-05-12 17:43:40,493 - __main__ - ERROR - Error getting message details: [SSL: WRONG_VERSION_NUMBER] wrong version number (_ssl.c:2633)
2025-05-12 17:43:40,493 - __main__ - ERROR - Error getting message details: [SSL: WRONG_VERSION_NUMBER] wrong version number (_ssl.c:2633)
2025-05-12 17:43:40,734 - __main__ - ERROR - Error getting message details: [SSL: DECRYPTION_FAILED_OR_BAD_RECORD_MAC] decryption failed or bad record mac (_ssl.c:2633)
2025-05-12 17:44:37,721 - __main__ - ERROR - Error getting message details: The read operation timed out
2025-05-12 17:44:37,721 - __main__ - ERROR - Error getting message details: The read operation timed out
2025-05-12 17:44:37,882 - __main__ - ERROR - Error getting message details: [SSL: DECRYPTION_FAILED_OR_BAD_RECORD_MAC] decryption failed or bad record mac (_ssl.c:2633)
2025-05-12 17:44:37,882 - __main__ - ERROR - Error getting message details: [SSL: DECRYPTION_FAILED_OR_BAD_RECORD_MAC] decryption failed or bad record mac (_ssl.c:2633)
2025-05-12 17:44:38,135 - __main__ - ERROR - Error getting message details: [SSL: WRONG_VERSION_NUMBER] wrong version number (_ssl.c:2633)
2025-05-12 17:44:38,135 - __main__ - ERROR - Error getting message details: [SSL: WRONG_VERSION_NUMBER] wrong version number (_ssl.c:2633)
2025-05-12 17:44:38,381 - __main__ - ERROR - Error getting message details: [SSL: WRONG_VERSION_NUMBER] wrong version number (_ssl.c:2633)
2025-05-12 17:44:38,381 - __main__ - ERROR - Error getting message details: [SSL: WRONG_VERSION_NUMBER] wrong version number (_ssl.c:2633)
2025-05-12 17:44:41,416 - __main__ - ERROR - Error getting message details: The read operation timed out
2025-05-12 17:44:41,428 - __main__ - ERROR - Error getting message details: The read operation timed out
2025-05-12 17:45:44,269 - __main__ - INFO - Starting email processing...
2025-05-12 17:45:44,272 - __main__ - INFO - Looking for label: apply
2025-05-12 17:45:44,450 - __main__ - INFO - Fetching messages with query: after:2025-02-18
2025-05-12 17:45:44,671 - __main__ - INFO - Found 113 messages to process
2025-05-12 17:45:44,671 - __main__ - INFO - Processing 113 messages...
2025-05-12 17:45:44,776 - __main__ - ERROR - Error getting message details: [SSL: WRONG_VERSION_NUMBER] wrong version number (_ssl.c:2633)
2025-05-12 17:45:44,778 - __main__ - ERROR - Error getting message details: [SSL: ENCRYPTED_LENGTH_TOO_LONG] encrypted length too long (_ssl.c:2633)
2025-05-12 17:45:44,780 - __main__ - ERROR - Error getting message details: [SSL: WRONG_VERSION_NUMBER] wrong version number (_ssl.c:2633)
2025-05-12 17:45:45,069 - __main__ - ERROR - Error getting message details: [SSL: WRONG_VERSION_NUMBER] wrong version number (_ssl.c:2633)
2025-05-12 17:45:45,085 - __main__ - ERROR - Error getting message details: [SSL: WRONG_VERSION_NUMBER] wrong version number (_ssl.c:2633)
2025-05-12 17:45:45,367 - __main__ - ERROR - Error getting message details: [SSL: WRONG_VERSION_NUMBER] wrong version number (_ssl.c:2633)
2025-05-12 17:45:45,367 - __main__ - ERROR - Error getting message details: [SSL: WRONG_VERSION_NUMBER] wrong version number (_ssl.c:2633)
2025-05-12 17:51:37,214 - __main__ - INFO - Starting email processing...
2025-05-12 17:51:37,215 - __main__ - ERROR - Error building Gmail service: Arguments http and credentials are mutually exclusive
2025-05-12 17:51:37,215 - __main__ - CRITICAL - An unexpected error occurred: Arguments http and credentials are mutually exclusive
2025-05-12 17:52:10,765 - __main__ - INFO - Starting email processing...
2025-05-12 17:52:10,766 - __main__ - ERROR - Error building Gmail service: 'Credentials' object has no attribute 'authorize'
2025-05-12 17:52:10,766 - __main__ - CRITICAL - An unexpected error occurred: 'Credentials' object has no attribute 'authorize'
2025-05-12 17:53:29,218 - __main__ - INFO - Starting email processing...
2025-05-12 17:53:29,221 - __main__ - INFO - Looking for label: apply
2025-05-12 17:53:29,433 - __main__ - INFO - Fetching messages with query: after:2025-04-08
2025-05-12 17:53:29,554 - __main__ - INFO - Found 29 messages to process
2025-05-12 17:53:29,554 - __main__ - INFO - Processing 29 messages...
2025-05-12 17:53:29,554 - __main__ - INFO - Processing batch 1 of 3
2025-05-12 17:56:50,378 - __main__ - INFO - Starting email processing...
2025-05-12 17:56:50,382 - __main__ - INFO - Looking for label: apply
2025-05-12 17:56:50,589 - __main__ - INFO - Fetching messages with query: after:2025-04-08
2025-05-12 17:56:50,710 - __main__ - INFO - Found 29 messages to process
2025-05-12 17:56:50,710 - __main__ - INFO - Processing 29 messages...
2025-05-12 17:56:50,710 - __main__ - INFO - Processing batch 1 of 3
2025-05-12 17:56:50,909 - __main__ - ERROR - Error getting message details for message 196ac71e5c093c8b: [SSL: BLOCK_CIPHER_PAD_IS_WRONG] block cipher pad is wrong (_ssl.c:2633)
2025-05-12 17:57:51,023 - __main__ - ERROR - Error getting message details for message 196ab7323e013494: The read operation timed out
2025-05-12 17:57:51,023 - __main__ - ERROR - Error getting message details for message 196ab4cdf9f1bbb7: The read operation timed out
2025-05-12 17:57:51,023 - __main__ - ERROR - Error getting message details for message 196ab6798956c89d: The read operation timed out
2025-05-12 17:57:51,040 - __main__ - ERROR - Error getting message details for message 196aa454422b0382: The read operation timed out
2025-05-12 17:57:51,540 - __main__ - INFO - Finished batch 1
2025-05-12 17:57:52,551 - __main__ - INFO - Processing batch 2 of 3
2025-05-12 18:02:36,851 - __main__ - INFO - Starting email processing...
2025-05-12 18:02:36,853 - __main__ - INFO - Looking for label: apply
2025-05-12 18:02:37,134 - __main__ - INFO - Fetching messages with query: after:2025-04-08
2025-05-12 18:02:37,256 - __main__ - INFO - Found 29 messages to process
2025-05-12 18:02:37,256 - __main__ - INFO - Processing only the first message for testing.
2025-05-12 18:02:37,256 - __main__ - INFO - Processing 1 messages...
2025-05-12 18:02:37,256 - __main__ - INFO - Processing batch 1 of 1
2025-05-12 18:02:37,528 - __main__ - INFO - Finished batch 1
2025-05-12 18:02:38,540 - __main__ - INFO - All batches processed. Total rows: 0
2025-05-12 18:02:38,540 - __main__ - INFO - Generating CSV file: C:\GitHub\technical_challenge\order_mails\applications.csv
2025-05-12 18:02:38,540 - __main__ - INFO - CSV file 'C:\GitHub\technical_challenge\order_mails\applications.csv' generated successfully with 0 rows.
2025-05-12 18:02:38,540 - __main__ - INFO - CSV file 'C:\GitHub\technical_challenge\order_mails\applications.csv' generated successfully with 0 entries.
2025-05-12 18:20:58,594 - __main__ - INFO - Starting email processing...
2025-05-12 18:20:58,750 - __main__ - INFO - Looking for label: apply
2025-05-12 18:20:58,952 - __main__ - INFO - Fetching messages with query: after:2025-04-08
2025-05-12 18:20:59,059 - __main__ - INFO - Found 29 messages to process
2025-05-12 18:20:59,059 - __main__ - INFO - Processing only the first message for testing.
2025-05-12 18:20:59,059 - __main__ - INFO - Processing 1 messages...
2025-05-12 18:20:59,059 - __main__ - INFO - Processing batch 1 of 1
2025-05-12 18:20:59,168 - __main__ - ERROR - Error getting message details for message 196ac71e5c093c8b: execute() got an unexpected keyword argument 'timeout'
2025-05-12 18:20:59,168 - __main__ - INFO - Finished batch 1
2025-05-12 18:20:59,677 - __main__ - INFO - All batches processed. Total rows: 0
2025-05-12 18:20:59,677 - __main__ - INFO - Generating CSV file: C:\GitHub\technical_challenge\order_mails\applications.csv
2025-05-12 18:20:59,677 - __main__ - INFO - CSV file 'C:\GitHub\technical_challenge\order_mails\applications.csv' generated successfully with 0 rows.
2025-05-12 18:20:59,677 - __main__ - INFO - CSV file 'C:\GitHub\technical_challenge\order_mails\applications.csv' generated successfully with 0 entries.
